{"/Users/dikshitthakral/Projects/Private/url_shortner/src/controllers/urlShortner.js": {"path":"/Users/dikshitthakral/Projects/Private/url_shortner/src/controllers/urlShortner.js","statementMap":{"0":{"start":{"line":1,"column":27},"end":{"line":1,"column":69}},"1":{"start":{"line":3,"column":23},"end":{"line":26,"column":1}},"2":{"start":{"line":4,"column":33},"end":{"line":4,"column":41}},"3":{"start":{"line":6,"column":4},"end":{"line":12,"column":5}},"4":{"start":{"line":7,"column":8},"end":{"line":11,"column":10}},"5":{"start":{"line":13,"column":4},"end":{"line":25,"column":11}},"6":{"start":{"line":15,"column":12},"end":{"line":18,"column":15}},"7":{"start":{"line":20,"column":12},"end":{"line":24,"column":15}},"8":{"start":{"line":28,"column":22},"end":{"line":56,"column":1}},"9":{"start":{"line":29,"column":4},"end":{"line":35,"column":5}},"10":{"start":{"line":30,"column":8},"end":{"line":34,"column":11}},"11":{"start":{"line":36,"column":4},"end":{"line":55,"column":11}},"12":{"start":{"line":38,"column":12},"end":{"line":44,"column":13}},"13":{"start":{"line":39,"column":16},"end":{"line":43,"column":18}},"14":{"start":{"line":45,"column":12},"end":{"line":48,"column":15}},"15":{"start":{"line":50,"column":12},"end":{"line":54,"column":15}},"16":{"start":{"line":58,"column":19},"end":{"line":79,"column":1}},"17":{"start":{"line":59,"column":4},"end":{"line":78,"column":11}},"18":{"start":{"line":61,"column":12},"end":{"line":67,"column":13}},"19":{"start":{"line":62,"column":16},"end":{"line":66,"column":18}},"20":{"start":{"line":68,"column":12},"end":{"line":71,"column":15}},"21":{"start":{"line":73,"column":12},"end":{"line":77,"column":15}},"22":{"start":{"line":81,"column":0},"end":{"line":85,"column":1}}},"fnMap":{"0":{"name":"(anonymous_0)","decl":{"start":{"line":3,"column":23},"end":{"line":3,"column":24}},"loc":{"start":{"line":3,"column":43},"end":{"line":26,"column":1}},"line":3},"1":{"name":"(anonymous_1)","decl":{"start":{"line":14,"column":14},"end":{"line":14,"column":15}},"loc":{"start":{"line":14,"column":28},"end":{"line":19,"column":9}},"line":14},"2":{"name":"(anonymous_2)","decl":{"start":{"line":19,"column":17},"end":{"line":19,"column":18}},"loc":{"start":{"line":19,"column":24},"end":{"line":25,"column":9}},"line":19},"3":{"name":"(anonymous_3)","decl":{"start":{"line":28,"column":22},"end":{"line":28,"column":23}},"loc":{"start":{"line":28,"column":42},"end":{"line":56,"column":1}},"line":28},"4":{"name":"(anonymous_4)","decl":{"start":{"line":37,"column":14},"end":{"line":37,"column":15}},"loc":{"start":{"line":37,"column":28},"end":{"line":49,"column":9}},"line":37},"5":{"name":"(anonymous_5)","decl":{"start":{"line":49,"column":17},"end":{"line":49,"column":18}},"loc":{"start":{"line":49,"column":24},"end":{"line":55,"column":9}},"line":49},"6":{"name":"(anonymous_6)","decl":{"start":{"line":58,"column":19},"end":{"line":58,"column":20}},"loc":{"start":{"line":58,"column":39},"end":{"line":79,"column":1}},"line":58},"7":{"name":"(anonymous_7)","decl":{"start":{"line":60,"column":14},"end":{"line":60,"column":15}},"loc":{"start":{"line":60,"column":28},"end":{"line":72,"column":9}},"line":60},"8":{"name":"(anonymous_8)","decl":{"start":{"line":72,"column":17},"end":{"line":72,"column":18}},"loc":{"start":{"line":72,"column":24},"end":{"line":78,"column":9}},"line":72}},"branchMap":{"0":{"loc":{"start":{"line":6,"column":4},"end":{"line":12,"column":5}},"type":"if","locations":[{"start":{"line":6,"column":4},"end":{"line":12,"column":5}},{"start":{"line":6,"column":4},"end":{"line":12,"column":5}}],"line":6},"1":{"loc":{"start":{"line":23,"column":23},"end":{"line":23,"column":83}},"type":"binary-expr","locations":[{"start":{"line":23,"column":23},"end":{"line":23,"column":34}},{"start":{"line":23,"column":38},"end":{"line":23,"column":83}}],"line":23},"2":{"loc":{"start":{"line":29,"column":4},"end":{"line":35,"column":5}},"type":"if","locations":[{"start":{"line":29,"column":4},"end":{"line":35,"column":5}},{"start":{"line":29,"column":4},"end":{"line":35,"column":5}}],"line":29},"3":{"loc":{"start":{"line":38,"column":12},"end":{"line":44,"column":13}},"type":"if","locations":[{"start":{"line":38,"column":12},"end":{"line":44,"column":13}},{"start":{"line":38,"column":12},"end":{"line":44,"column":13}}],"line":38},"4":{"loc":{"start":{"line":53,"column":23},"end":{"line":53,"column":86}},"type":"binary-expr","locations":[{"start":{"line":53,"column":23},"end":{"line":53,"column":26}},{"start":{"line":53,"column":30},"end":{"line":53,"column":41}},{"start":{"line":53,"column":45},"end":{"line":53,"column":86}}],"line":53},"5":{"loc":{"start":{"line":61,"column":12},"end":{"line":67,"column":13}},"type":"if","locations":[{"start":{"line":61,"column":12},"end":{"line":67,"column":13}},{"start":{"line":61,"column":12},"end":{"line":67,"column":13}}],"line":61},"6":{"loc":{"start":{"line":61,"column":16},"end":{"line":61,"column":50}},"type":"binary-expr","locations":[{"start":{"line":61,"column":16},"end":{"line":61,"column":25}},{"start":{"line":61,"column":29},"end":{"line":61,"column":50}}],"line":61},"7":{"loc":{"start":{"line":76,"column":23},"end":{"line":76,"column":86}},"type":"binary-expr","locations":[{"start":{"line":76,"column":23},"end":{"line":76,"column":26}},{"start":{"line":76,"column":30},"end":{"line":76,"column":41}},{"start":{"line":76,"column":45},"end":{"line":76,"column":86}}],"line":76}},"s":{"0":1,"1":1,"2":3,"3":3,"4":1,"5":2,"6":1,"7":1,"8":1,"9":4,"10":1,"11":3,"12":2,"13":1,"14":1,"15":1,"16":1,"17":3,"18":2,"19":1,"20":1,"21":1,"22":1},"f":{"0":3,"1":1,"2":1,"3":4,"4":2,"5":1,"6":3,"7":2,"8":1},"b":{"0":[1,2],"1":[1,0],"2":[1,3],"3":[1,1],"4":[1,1,0],"5":[1,1],"6":[2,2],"7":[1,1,0]},"_coverageSchema":"1a1c01bbd47fc00a2c39e90264f33305004495a9","hash":"d65212c6c83d0acc6a55e69e1e4ba737d16f6885"}
,"/Users/dikshitthakral/Projects/Private/url_shortner/src/models/urlShortner.model.js": {"path":"/Users/dikshitthakral/Projects/Private/url_shortner/src/models/urlShortner.model.js","statementMap":{"0":{"start":{"line":1,"column":17},"end":{"line":1,"column":36}},"1":{"start":{"line":3,"column":18},"end":{"line":7,"column":2}},"2":{"start":{"line":9,"column":0},"end":{"line":9,"column":58}}},"fnMap":{},"branchMap":{},"s":{"0":3,"1":3,"2":3},"f":{},"b":{},"_coverageSchema":"1a1c01bbd47fc00a2c39e90264f33305004495a9","hash":"76598ef2b8930a339e1c1e650bc8787826540c88"}
,"/Users/dikshitthakral/Projects/Private/url_shortner/src/repository/urlShortner.repository.js": {"path":"/Users/dikshitthakral/Projects/Private/url_shortner/src/repository/urlShortner.repository.js","statementMap":{"0":{"start":{"line":1,"column":20},"end":{"line":1,"column":58}},"1":{"start":{"line":3,"column":28},"end":{"line":4,"column":37}},"2":{"start":{"line":4,"column":4},"end":{"line":4,"column":37}},"3":{"start":{"line":6,"column":15},"end":{"line":13,"column":1}},"4":{"start":{"line":7,"column":19},"end":{"line":11,"column":6}},"5":{"start":{"line":12,"column":4},"end":{"line":12,"column":25}},"6":{"start":{"line":15,"column":16},"end":{"line":15,"column":61}},"7":{"start":{"line":15,"column":30},"end":{"line":15,"column":61}},"8":{"start":{"line":17,"column":15},"end":{"line":17,"column":45}},"9":{"start":{"line":17,"column":27},"end":{"line":17,"column":45}},"10":{"start":{"line":19,"column":0},"end":{"line":24,"column":1}}},"fnMap":{"0":{"name":"(anonymous_0)","decl":{"start":{"line":3,"column":28},"end":{"line":3,"column":29}},"loc":{"start":{"line":4,"column":4},"end":{"line":4,"column":37}},"line":4},"1":{"name":"(anonymous_1)","decl":{"start":{"line":6,"column":15},"end":{"line":6,"column":16}},"loc":{"start":{"line":6,"column":31},"end":{"line":13,"column":1}},"line":6},"2":{"name":"(anonymous_2)","decl":{"start":{"line":15,"column":16},"end":{"line":15,"column":17}},"loc":{"start":{"line":15,"column":30},"end":{"line":15,"column":61}},"line":15},"3":{"name":"(anonymous_3)","decl":{"start":{"line":17,"column":15},"end":{"line":17,"column":16}},"loc":{"start":{"line":17,"column":27},"end":{"line":17,"column":45}},"line":17}},"branchMap":{},"s":{"0":3,"1":3,"2":2,"3":3,"4":6,"5":6,"6":3,"7":2,"8":3,"9":2,"10":3},"f":{"0":2,"1":6,"2":2,"3":2},"b":{},"_coverageSchema":"1a1c01bbd47fc00a2c39e90264f33305004495a9","hash":"bc1275e786825b96cb08afb2ed6caa79696760ba"}
,"/Users/dikshitthakral/Projects/Private/url_shortner/src/services/urlShortner.service.js": {"path":"/Users/dikshitthakral/Projects/Private/url_shortner/src/services/urlShortner.service.js","statementMap":{"0":{"start":{"line":1,"column":17},"end":{"line":1,"column":37}},"1":{"start":{"line":2,"column":19},"end":{"line":2,"column":36}},"2":{"start":{"line":3,"column":30},"end":{"line":3,"column":77}},"3":{"start":{"line":5,"column":15},"end":{"line":32,"column":1}},"4":{"start":{"line":6,"column":33},"end":{"line":6,"column":39}},"5":{"start":{"line":7,"column":4},"end":{"line":9,"column":5}},"6":{"start":{"line":8,"column":8},"end":{"line":8,"column":97}},"7":{"start":{"line":10,"column":4},"end":{"line":31,"column":5}},"8":{"start":{"line":12,"column":23},"end":{"line":12,"column":75}},"9":{"start":{"line":13,"column":8},"end":{"line":22,"column":9}},"10":{"start":{"line":14,"column":12},"end":{"line":14,"column":28}},"11":{"start":{"line":16,"column":23},"end":{"line":16,"column":33}},"12":{"start":{"line":17,"column":12},"end":{"line":21,"column":15}},"13":{"start":{"line":23,"column":8},"end":{"line":27,"column":9}},"14":{"start":{"line":30,"column":8},"end":{"line":30,"column":20}},"15":{"start":{"line":34,"column":16},"end":{"line":49,"column":1}},"16":{"start":{"line":35,"column":4},"end":{"line":48,"column":5}},"17":{"start":{"line":36,"column":23},"end":{"line":36,"column":62}},"18":{"start":{"line":37,"column":8},"end":{"line":39,"column":9}},"19":{"start":{"line":38,"column":12},"end":{"line":38,"column":24}},"20":{"start":{"line":40,"column":8},"end":{"line":44,"column":9}},"21":{"start":{"line":47,"column":8},"end":{"line":47,"column":20}},"22":{"start":{"line":51,"column":15},"end":{"line":70,"column":1}},"23":{"start":{"line":52,"column":4},"end":{"line":69,"column":5}},"24":{"start":{"line":53,"column":21},"end":{"line":53,"column":57}},"25":{"start":{"line":54,"column":8},"end":{"line":56,"column":9}},"26":{"start":{"line":55,"column":12},"end":{"line":55,"column":22}},"27":{"start":{"line":57,"column":21},"end":{"line":57,"column":23}},"28":{"start":{"line":58,"column":8},"end":{"line":64,"column":9}},"29":{"start":{"line":59,"column":12},"end":{"line":63,"column":15}},"30":{"start":{"line":65,"column":8},"end":{"line":65,"column":22}},"31":{"start":{"line":68,"column":8},"end":{"line":68,"column":20}},"32":{"start":{"line":72,"column":0},"end":{"line":76,"column":1}}},"fnMap":{"0":{"name":"(anonymous_0)","decl":{"start":{"line":5,"column":15},"end":{"line":5,"column":16}},"loc":{"start":{"line":5,"column":33},"end":{"line":32,"column":1}},"line":5},"1":{"name":"(anonymous_1)","decl":{"start":{"line":34,"column":16},"end":{"line":34,"column":17}},"loc":{"start":{"line":34,"column":30},"end":{"line":49,"column":1}},"line":34},"2":{"name":"(anonymous_2)","decl":{"start":{"line":51,"column":15},"end":{"line":51,"column":16}},"loc":{"start":{"line":51,"column":27},"end":{"line":70,"column":1}},"line":51}},"branchMap":{"0":{"loc":{"start":{"line":7,"column":4},"end":{"line":9,"column":5}},"type":"if","locations":[{"start":{"line":7,"column":4},"end":{"line":9,"column":5}},{"start":{"line":7,"column":4},"end":{"line":9,"column":5}}],"line":7},"1":{"loc":{"start":{"line":13,"column":8},"end":{"line":22,"column":9}},"type":"if","locations":[{"start":{"line":13,"column":8},"end":{"line":22,"column":9}},{"start":{"line":13,"column":8},"end":{"line":22,"column":9}}],"line":13},"2":{"loc":{"start":{"line":37,"column":8},"end":{"line":39,"column":9}},"type":"if","locations":[{"start":{"line":37,"column":8},"end":{"line":39,"column":9}},{"start":{"line":37,"column":8},"end":{"line":39,"column":9}}],"line":37},"3":{"loc":{"start":{"line":54,"column":8},"end":{"line":56,"column":9}},"type":"if","locations":[{"start":{"line":54,"column":8},"end":{"line":56,"column":9}},{"start":{"line":54,"column":8},"end":{"line":56,"column":9}}],"line":54},"4":{"loc":{"start":{"line":54,"column":12},"end":{"line":54,"column":38}},"type":"binary-expr","locations":[{"start":{"line":54,"column":12},"end":{"line":54,"column":17}},{"start":{"line":54,"column":21},"end":{"line":54,"column":38}}],"line":54}},"s":{"0":2,"1":2,"2":2,"3":2,"4":3,"5":3,"6":1,"7":2,"8":2,"9":2,"10":0,"11":2,"12":2,"13":1,"14":1,"15":2,"16":2,"17":2,"18":2,"19":1,"20":1,"21":0,"22":2,"23":2,"24":2,"25":2,"26":1,"27":1,"28":1,"29":2,"30":1,"31":0,"32":2},"f":{"0":3,"1":2,"2":2},"b":{"0":[1,2],"1":[0,2],"2":[1,1],"3":[1,1],"4":[2,1]},"_coverageSchema":"1a1c01bbd47fc00a2c39e90264f33305004495a9","hash":"b06ca704c53455555218ac4a7c4c5f25431482dd"}
}
