TN:
SF:src/controllers/urlShortner.js
FN:3,(anonymous_0)
FN:14,(anonymous_1)
FN:19,(anonymous_2)
FN:28,(anonymous_3)
FN:37,(anonymous_4)
FN:49,(anonymous_5)
FN:58,(anonymous_6)
FN:60,(anonymous_7)
FN:72,(anonymous_8)
FNF:9
FNH:9
FNDA:3,(anonymous_0)
FNDA:1,(anonymous_1)
FNDA:1,(anonymous_2)
FNDA:4,(anonymous_3)
FNDA:2,(anonymous_4)
FNDA:1,(anonymous_5)
FNDA:3,(anonymous_6)
FNDA:2,(anonymous_7)
FNDA:1,(anonymous_8)
DA:1,1
DA:3,1
DA:4,3
DA:6,3
DA:7,1
DA:13,2
DA:15,1
DA:20,1
DA:28,1
DA:29,4
DA:30,1
DA:36,3
DA:38,2
DA:39,1
DA:45,1
DA:50,1
DA:58,1
DA:59,3
DA:61,2
DA:62,1
DA:68,1
DA:73,1
DA:81,1
LF:23
LH:23
BRDA:6,0,0,1
BRDA:6,0,1,2
BRDA:23,1,0,1
BRDA:23,1,1,0
BRDA:29,2,0,1
BRDA:29,2,1,3
BRDA:38,3,0,1
BRDA:38,3,1,1
BRDA:53,4,0,1
BRDA:53,4,1,1
BRDA:53,4,2,0
BRDA:61,5,0,1
BRDA:61,5,1,1
BRDA:61,6,0,2
BRDA:61,6,1,2
BRDA:76,7,0,1
BRDA:76,7,1,1
BRDA:76,7,2,0
BRF:18
BRH:15
end_of_record
TN:
SF:src/models/urlShortner.model.js
FNF:0
FNH:0
DA:1,3
DA:3,3
DA:9,3
LF:3
LH:3
BRF:0
BRH:0
end_of_record
TN:
SF:src/repository/urlShortner.repository.js
FN:3,(anonymous_0)
FN:6,(anonymous_1)
FN:15,(anonymous_2)
FN:17,(anonymous_3)
FNF:4
FNH:4
FNDA:2,(anonymous_0)
FNDA:6,(anonymous_1)
FNDA:2,(anonymous_2)
FNDA:2,(anonymous_3)
DA:1,3
DA:3,3
DA:4,2
DA:6,3
DA:7,6
DA:12,6
DA:15,3
DA:17,3
DA:19,3
LF:9
LH:9
BRF:0
BRH:0
end_of_record
TN:
SF:src/services/urlShortner.service.js
FN:5,(anonymous_0)
FN:34,(anonymous_1)
FN:51,(anonymous_2)
FNF:3
FNH:3
FNDA:3,(anonymous_0)
FNDA:2,(anonymous_1)
FNDA:2,(anonymous_2)
DA:1,2
DA:2,2
DA:3,2
DA:5,2
DA:6,3
DA:7,3
DA:8,1
DA:10,2
DA:12,2
DA:13,2
DA:14,0
DA:16,2
DA:17,2
DA:23,1
DA:30,1
DA:34,2
DA:35,2
DA:36,2
DA:37,2
DA:38,1
DA:40,1
DA:47,0
DA:51,2
DA:52,2
DA:53,2
DA:54,2
DA:55,1
DA:57,1
DA:58,1
DA:59,2
DA:65,1
DA:68,0
DA:72,2
LF:33
LH:30
BRDA:7,0,0,1
BRDA:7,0,1,2
BRDA:13,1,0,0
BRDA:13,1,1,2
BRDA:37,2,0,1
BRDA:37,2,1,1
BRDA:54,3,0,1
BRDA:54,3,1,1
BRDA:54,4,0,2
BRDA:54,4,1,1
BRF:10
BRH:9
end_of_record
